<?xml version="1.0" encoding="UTF-8"?>
<!-- Generated by org.testng.reporters.JUnitXMLReporter -->
<testsuite ignored="1" hostname="ABHI-LAPTOP" failures="0" tests="1" name="Error Validations Test" time="11.979" errors="0" timestamp="2025-12-12T16:34:46 IST">
  <testcase classname="abhishek.tests.ErrorValidationsTest" name="verifyLoginErrorValidation" time="1.064"/>
  <testcase classname="abhishek.tests.ErrorValidationsTest" name="verifyProductAddedToCart" time="0.0">
    <ignored/>
  </testcase> <!-- verifyProductAddedToCart -->
</testsuite> <!-- Error Validations Test -->
