<?xml version="1.0" encoding="UTF-8"?>
<!-- Generated by org.testng.reporters.JUnitXMLReporter -->
<testsuite ignored="0" hostname="ABHI-LAPTOP" failures="1" tests="3" name="Error Validations" time="52.138" errors="0" timestamp="2025-12-16T14:00:11 IST">
  <testcase classname="abhishek.tests.ErrorValidationsTest" name="verifyLoginErrorValidation" time="1.629">
    <skipped/>
  </testcase> <!-- verifyLoginErrorValidation -->
  <testcase classname="abhishek.tests.ErrorValidationsTest" name="verifyLoginErrorValidation" time="1.098">
    <failure type="java.lang.AssertionError" message="expected [Incorrect email password.] but found [Incorrect email or password.]">
      <![CDATA[java.lang.AssertionError: expected [Incorrect email password.] but found [Incorrect email or password.]
at abhishek.tests.ErrorValidationsTest.verifyLoginErrorValidation(ErrorValidationsTest.java:27)
at java.base/java.util.ArrayList.forEach(ArrayList.java:1597)
at java.base/java.util.concurrent.FutureTask.run(FutureTask.java:317)
at java.base/java.util.concurrent.ThreadPoolExecutor.runWorker(ThreadPoolExecutor.java:1144)
at java.base/java.util.concurrent.ThreadPoolExecutor$Worker.run(ThreadPoolExecutor.java:642)
at java.base/java.lang.Thread.run(Thread.java:1570)
... Removed 21 stack frames]]>
    </failure>
  </testcase> <!-- verifyLoginErrorValidation -->
  <testcase classname="abhishek.tests.ErrorValidationsTest" name="verifyProductAddedToCart" time="13.408"/>
</testsuite> <!-- Error Validations -->
