<?xml version="1.0" encoding="UTF-8"?>
<!-- Generated by org.testng.reporters.JUnitXMLReporter -->
<testsuite ignored="0" hostname="ABHI-LAPTOP" failures="0" tests="3" name="Order a Product Test" time="57.328" errors="0" timestamp="2025-12-16T14:00:13 IST">
  <testcase classname="abhishek.tests.OrderProductTest" name="orderProduct" time="7.778"/>
  <testcase classname="abhishek.tests.OrderProductTest" name="orderProduct" time="14.715"/>
  <testcase classname="abhishek.tests.OrderProductTest" name="verifyOrderHistory" time="2.487"/>
</testsuite> <!-- Order a Product Test -->
