<?xml version="1.0" encoding="UTF-8"?>
<!-- Generated by org.testng.reporters.JUnitXMLReporter -->
<testsuite ignored="1" hostname="ABHI-LAPTOP" failures="0" tests="2" name="Place an Order" time="27.665" errors="0" timestamp="2025-12-24T19:18:05 IST">
  <testcase classname="abhishek.tests.OrderProductTest" name="orderProduct" time="5.159"/>
  <testcase classname="abhishek.tests.OrderProductTest" name="orderProduct" time="5.184"/>
  <testcase classname="abhishek.tests.OrderProductTest" name="verifyOrderHistory" time="0.0">
    <ignored/>
  </testcase> <!-- verifyOrderHistory -->
</testsuite> <!-- Place an Order -->
