<?xml version="1.0" encoding="UTF-8"?>
<!-- Generated by org.testng.reporters.JUnitXMLReporter -->
<testsuite ignored="1" hostname="ABHI-LAPTOP" failures="0" tests="2" name="Place an Order" time="168.132" errors="0" timestamp="2025-12-15T22:25:50 IST">
  <testcase classname="abhishek.tests.OrderProductTest" name="orderProduct" time="9.022"/>
  <testcase classname="abhishek.tests.OrderProductTest" name="orderProduct" time="16.342"/>
  <testcase classname="abhishek.tests.OrderProductTest" name="verifyOrderHistory" time="0.0">
    <ignored/>
  </testcase> <!-- verifyOrderHistory -->
</testsuite> <!-- Place an Order -->
