<?xml version="1.0" encoding="UTF-8"?>
<!-- Generated by org.testng.reporters.JUnitXMLReporter -->
<testsuite ignored="0" hostname="ABHI-LAPTOP" failures="0" tests="2" name="Error Validations" time="32.416" errors="0" timestamp="2025-12-23T17:11:43 IST">
  <testcase classname="abhishek.tests.ErrorValidationsTest" name="verifyLoginErrorValidation" time="2.183"/>
  <testcase classname="abhishek.tests.ErrorValidationsTest" name="verifyProductAddedToCart" time="6.861"/>
</testsuite> <!-- Error Validations -->
