<?xml version="1.0" encoding="UTF-8"?>
<!-- Generated by org.testng.reporters.JUnitXMLReporter -->
<testsuite ignored="0" hostname="ABHI-LAPTOP" failures="0" tests="3" name="Order a Product Test" time="40.956" errors="0" timestamp="2025-12-23T17:11:51 IST">
  <testcase classname="abhishek.tests.OrderProductTest" name="orderProduct" time="9.443"/>
  <testcase classname="abhishek.tests.OrderProductTest" name="orderProduct" time="6.064"/>
  <testcase classname="abhishek.tests.OrderProductTest" name="verifyOrderHistory" time="1.115"/>
</testsuite> <!-- Order a Product Test -->
