<?xml version="1.0" encoding="UTF-8"?>
<testng-results ignored="0" total="5" passed="5" failed="0" skipped="0">
  <reporter-output>
  </reporter-output>
  <suite started-at="2025-12-23T17:11:10 IST" name="Suite" finished-at="2025-12-23T17:11:51 IST" duration-ms="40956">
    <groups>
      <group name="ErrorHandling">
        <method signature="ErrorValidationsTest.verifyLoginErrorValidation()[pri:0, instance:abhishek.tests.ErrorValidationsTest@448c8166]" name="verifyLoginErrorValidation" class="abhishek.tests.ErrorValidationsTest"/>
      </group> <!-- ErrorHandling -->
      <group name="PlaceOrder">
        <method signature="OrderProductTest.orderProduct(java.util.HashMap)[pri:0, instance:abhishek.tests.OrderProductTest@790da477]" name="orderProduct" class="abhishek.tests.OrderProductTest"/>
      </group> <!-- PlaceOrder -->
    </groups>
    <test started-at="2025-12-23T17:11:10 IST" name="Error Validations" finished-at="2025-12-23T17:11:42 IST" duration-ms="32416">
      <class name="abhishek.tests.ErrorValidationsTest">
        <test-method is-config="true" signature="launchWebApplication()[pri:0, instance:abhishek.tests.ErrorValidationsTest@448c8166]" started-at="2025-12-23T17:11:10 IST" name="launchWebApplication" finished-at="2025-12-23T17:11:23 IST" duration-ms="13324" status="PASS">
          <reporter-output>
          </reporter-output>
        </test-method> <!-- launchWebApplication -->
        <test-method signature="verifyLoginErrorValidation()[pri:0, instance:abhishek.tests.ErrorValidationsTest@448c8166]" started-at="2025-12-23T17:11:23 IST" name="verifyLoginErrorValidation" finished-at="2025-12-23T17:11:26 IST" duration-ms="2183" status="PASS">
          <reporter-output>
          </reporter-output>
        </test-method> <!-- verifyLoginErrorValidation -->
        <test-method is-config="true" signature="closeDriver()[pri:0, instance:abhishek.tests.ErrorValidationsTest@448c8166]" started-at="2025-12-23T17:11:26 IST" name="closeDriver" finished-at="2025-12-23T17:11:30 IST" duration-ms="4591" status="PASS">
          <reporter-output>
          </reporter-output>
        </test-method> <!-- closeDriver -->
        <test-method is-config="true" signature="launchWebApplication()[pri:0, instance:abhishek.tests.ErrorValidationsTest@448c8166]" started-at="2025-12-23T17:11:30 IST" name="launchWebApplication" finished-at="2025-12-23T17:11:35 IST" duration-ms="5077" status="PASS">
          <reporter-output>
          </reporter-output>
        </test-method> <!-- launchWebApplication -->
        <test-method signature="verifyProductAddedToCart()[pri:0, instance:abhishek.tests.ErrorValidationsTest@448c8166]" started-at="2025-12-23T17:11:35 IST" name="verifyProductAddedToCart" finished-at="2025-12-23T17:11:42 IST" duration-ms="6861" status="PASS">
          <reporter-output>
          </reporter-output>
        </test-method> <!-- verifyProductAddedToCart -->
        <test-method is-config="true" signature="closeDriver()[pri:0, instance:abhishek.tests.ErrorValidationsTest@448c8166]" started-at="2025-12-23T17:11:42 IST" name="closeDriver" finished-at="2025-12-23T17:11:42 IST" duration-ms="219" status="PASS">
          <reporter-output>
          </reporter-output>
        </test-method> <!-- closeDriver -->
      </class> <!-- abhishek.tests.ErrorValidationsTest -->
    </test> <!-- Error Validations -->
    <test started-at="2025-12-23T17:11:10 IST" name="Order a Product Test" finished-at="2025-12-23T17:11:51 IST" duration-ms="40956">
      <class name="abhishek.tests.OrderProductTest">
        <test-method is-config="true" signature="launchWebApplication()[pri:0, instance:abhishek.tests.OrderProductTest@790da477]" started-at="2025-12-23T17:11:11 IST" name="launchWebApplication" finished-at="2025-12-23T17:11:21 IST" duration-ms="10548" status="PASS">
          <reporter-output>
          </reporter-output>
        </test-method> <!-- launchWebApplication -->
        <test-method signature="orderProduct(java.util.HashMap)[pri:0, instance:abhishek.tests.OrderProductTest@790da477]" started-at="2025-12-23T17:11:21 IST" name="orderProduct" data-provider="getData" finished-at="2025-12-23T17:11:31 IST" duration-ms="9443" status="PASS">
          <params>
            <param index="0">
              <value>
                <![CDATA[{password=Aa@123456, product=ZARA COAT 3, username=abhishek.k@gmail.com}]]>
              </value>
            </param>
          </params>
          <reporter-output>
          </reporter-output>
        </test-method> <!-- orderProduct -->
        <test-method is-config="true" signature="closeDriver()[pri:0, instance:abhishek.tests.OrderProductTest@790da477]" started-at="2025-12-23T17:11:31 IST" name="closeDriver" finished-at="2025-12-23T17:11:35 IST" duration-ms="3773" status="PASS">
          <reporter-output>
          </reporter-output>
        </test-method> <!-- closeDriver -->
        <test-method is-config="true" signature="launchWebApplication()[pri:0, instance:abhishek.tests.OrderProductTest@790da477]" started-at="2025-12-23T17:11:35 IST" name="launchWebApplication" finished-at="2025-12-23T17:11:40 IST" duration-ms="5051" status="PASS">
          <reporter-output>
          </reporter-output>
        </test-method> <!-- launchWebApplication -->
        <test-method signature="orderProduct(java.util.HashMap)[pri:0, instance:abhishek.tests.OrderProductTest@790da477]" started-at="2025-12-23T17:11:40 IST" name="orderProduct" data-provider="getData" finished-at="2025-12-23T17:11:46 IST" duration-ms="6064" status="PASS">
          <params>
            <param index="0">
              <value>
                <![CDATA[{password=Aa@123456, product=ADIDAS ORIGINAL, username=anujna@gmail.com}]]>
              </value>
            </param>
          </params>
          <reporter-output>
          </reporter-output>
        </test-method> <!-- orderProduct -->
        <test-method is-config="true" signature="closeDriver()[pri:0, instance:abhishek.tests.OrderProductTest@790da477]" started-at="2025-12-23T17:11:46 IST" name="closeDriver" finished-at="2025-12-23T17:11:46 IST" duration-ms="291" status="PASS">
          <reporter-output>
          </reporter-output>
        </test-method> <!-- closeDriver -->
        <test-method is-config="true" signature="launchWebApplication()[pri:0, instance:abhishek.tests.OrderProductTest@790da477]" started-at="2025-12-23T17:11:46 IST" name="launchWebApplication" finished-at="2025-12-23T17:11:50 IST" duration-ms="3474" status="PASS">
          <reporter-output>
          </reporter-output>
        </test-method> <!-- launchWebApplication -->
        <test-method signature="verifyOrderHistory()[pri:0, instance:abhishek.tests.OrderProductTest@790da477]" started-at="2025-12-23T17:11:50 IST" name="verifyOrderHistory" finished-at="2025-12-23T17:11:51 IST" depends-on-methods="abhishek.tests.OrderProductTest.orderProduct" duration-ms="1115" status="PASS">
          <reporter-output>
          </reporter-output>
        </test-method> <!-- verifyOrderHistory -->
        <test-method is-config="true" signature="closeDriver()[pri:0, instance:abhishek.tests.OrderProductTest@790da477]" started-at="2025-12-23T17:11:51 IST" name="closeDriver" finished-at="2025-12-23T17:11:51 IST" duration-ms="289" status="PASS">
          <reporter-output>
          </reporter-output>
        </test-method> <!-- closeDriver -->
      </class> <!-- abhishek.tests.OrderProductTest -->
    </test> <!-- Order a Product Test -->
  </suite> <!-- Suite -->
</testng-results>
