<?xml version="1.0" encoding="UTF-8"?>
<testng-results ignored="1" total="3" passed="2" failed="0" skipped="0">
  <reporter-output>
  </reporter-output>
  <suite started-at="2025-12-24T19:17:37 IST" name="Suite" finished-at="2025-12-24T19:18:04 IST" duration-ms="27665">
    <groups>
      <group name="PlaceOrder">
        <method signature="OrderProductTest.orderProduct(java.util.HashMap)[pri:0, instance:abhishek.tests.OrderProductTest@49cb9cb5]" name="orderProduct" class="abhishek.tests.OrderProductTest"/>
      </group> <!-- PlaceOrder -->
    </groups>
    <test started-at="2025-12-24T19:17:37 IST" name="Place an Order" finished-at="2025-12-24T19:18:04 IST" duration-ms="27665">
      <class name="abhishek.tests.OrderProductTest">
        <test-method is-config="true" signature="launchWebApplication()[pri:0, instance:abhishek.tests.OrderProductTest@49cb9cb5]" started-at="2025-12-24T19:17:37 IST" name="launchWebApplication" finished-at="2025-12-24T19:17:47 IST" duration-ms="10311" status="PASS">
          <reporter-output>
          </reporter-output>
        </test-method> <!-- launchWebApplication -->
        <test-method signature="orderProduct(java.util.HashMap)[pri:0, instance:abhishek.tests.OrderProductTest@49cb9cb5]" started-at="2025-12-24T19:17:47 IST" name="orderProduct" data-provider="getData" finished-at="2025-12-24T19:17:52 IST" duration-ms="5159" status="PASS">
          <params>
            <param index="0">
              <value>
                <![CDATA[{password=Aa@123456, product=ZARA COAT 3, username=abhishek.k@gmail.com}]]>
              </value>
            </param>
          </params>
          <reporter-output>
          </reporter-output>
        </test-method> <!-- orderProduct -->
        <test-method is-config="true" signature="closeDriver()[pri:0, instance:abhishek.tests.OrderProductTest@49cb9cb5]" started-at="2025-12-24T19:17:53 IST" name="closeDriver" finished-at="2025-12-24T19:17:53 IST" duration-ms="471" status="PASS">
          <reporter-output>
          </reporter-output>
        </test-method> <!-- closeDriver -->
        <test-method is-config="true" signature="launchWebApplication()[pri:0, instance:abhishek.tests.OrderProductTest@49cb9cb5]" started-at="2025-12-24T19:17:53 IST" name="launchWebApplication" finished-at="2025-12-24T19:17:59 IST" duration-ms="5800" status="PASS">
          <reporter-output>
          </reporter-output>
        </test-method> <!-- launchWebApplication -->
        <test-method signature="orderProduct(java.util.HashMap)[pri:0, instance:abhishek.tests.OrderProductTest@49cb9cb5]" started-at="2025-12-24T19:17:59 IST" name="orderProduct" data-provider="getData" finished-at="2025-12-24T19:18:04 IST" duration-ms="5184" status="PASS">
          <params>
            <param index="0">
              <value>
                <![CDATA[{password=Aa@123456, product=ADIDAS ORIGINAL, username=anujna@gmail.com}]]>
              </value>
            </param>
          </params>
          <reporter-output>
          </reporter-output>
        </test-method> <!-- orderProduct -->
        <test-method is-config="true" signature="closeDriver()[pri:0, instance:abhishek.tests.OrderProductTest@49cb9cb5]" started-at="2025-12-24T19:18:04 IST" name="closeDriver" finished-at="2025-12-24T19:18:04 IST" duration-ms="303" status="PASS">
          <reporter-output>
          </reporter-output>
        </test-method> <!-- closeDriver -->
      </class> <!-- abhishek.tests.OrderProductTest -->
    </test> <!-- Place an Order -->
  </suite> <!-- Suite -->
</testng-results>
