<?xml version="1.0" encoding="UTF-8"?>
<!-- Generated by org.testng.reporters.JUnitReportReporter -->
<testsuite hostname="ABHI-LAPTOP" failures="0" tests="3" name="abhishek.tests.OrderProductTest" time="41.669" errors="0" timestamp="2025-12-22T15:04:06 IST" skipped="0">
  <testcase classname="abhishek.tests.OrderProductTest" name="orderProduct" time="18.786"/>
  <testcase classname="abhishek.tests.OrderProductTest" name="verifyOrderHistory" time="9.427"/>
  <testcase classname="abhishek.tests.OrderProductTest" name="orderProduct" time="13.456"/>
</testsuite> <!-- abhishek.tests.OrderProductTest -->
