<?xml version="1.0" encoding="UTF-8"?>
<!-- Generated by org.testng.reporters.JUnitReportReporter -->
<testsuite hostname="ABHI-LAPTOP" failures="0" tests="2" name="abhishek.tests.OrderProductTest" time="27.228" errors="0" timestamp="2025-12-24T19:18:05 IST" skipped="0">
  <testcase classname="abhishek.tests.OrderProductTest" name="orderProduct" time="15.773"/>
  <testcase classname="abhishek.tests.OrderProductTest" name="orderProduct" time="11.455"/>
</testsuite> <!-- abhishek.tests.OrderProductTest -->
