<?xml version="1.0" encoding="UTF-8"?>
<!-- Generated by org.testng.reporters.JUnitReportReporter -->
<testsuite hostname="ABHI-LAPTOP" failures="0" tests="2" name="abhishek.tests.ErrorValidationsTest" time="32.255" errors="0" timestamp="2025-12-23T17:11:51 IST" skipped="0">
  <testcase classname="abhishek.tests.ErrorValidationsTest" name="verifyLoginErrorValidation" time="15.726"/>
  <testcase classname="abhishek.tests.ErrorValidationsTest" name="verifyProductAddedToCart" time="16.529"/>
</testsuite> <!-- abhishek.tests.ErrorValidationsTest -->
