<?xml version="1.0" encoding="UTF-8"?>
<!-- Generated by org.testng.reporters.JUnitReportReporter -->
<testsuite hostname="ABHI-LAPTOP" failures="0" tests="3" name="abhishek.tests.OrderProductTest" time="40.048" errors="0" timestamp="2025-12-23T17:11:51 IST" skipped="0">
  <testcase classname="abhishek.tests.OrderProductTest" name="orderProduct" time="11.406"/>
  <testcase classname="abhishek.tests.OrderProductTest" name="orderProduct" time="16.690"/>
  <testcase classname="abhishek.tests.OrderProductTest" name="verifyOrderHistory" time="11.952"/>
</testsuite> <!-- abhishek.tests.OrderProductTest -->
